<?xml version="1.0" encoding="UTF-8"?>
<testsuite name="radio.ks3ckc.sstvaf.sstv.digital.ReedSolomonTest" tests="5" skipped="0" failures="0" errors="0" timestamp="2026-07-09T01:47:53" hostname="JIGGLEBILLY" time="0.078">
  <properties/>
  <testcase name="encode is systematic and clean codeword decodes to itself" classname="radio.ks3ckc.sstvaf.sstv.digital.ReedSolomonTest" time="0.0"/>
  <testcase name="rejects rather than silently miscorrecting beyond t" classname="radio.ks3ckc.sstvaf.sstv.digital.ReedSolomonTest" time="0.029"/>
  <testcase name="rejects invalid nsym" classname="radio.ks3ckc.sstvaf.sstv.digital.ReedSolomonTest" time="0.0"/>
  <testcase name="corrects up to t errors" classname="radio.ks3ckc.sstvaf.sstv.digital.ReedSolomonTest" time="0.046"/>
  <testcase name="rejects oversize codeword rather than wrapping mod 255" classname="radio.ks3ckc.sstvaf.sstv.digital.ReedSolomonTest" time="0.001"/>
  <system-out><![CDATA[]]></system-out>
  <system-err><![CDATA[]]></system-err>
</testsuite>
