<?xml version="1.0" encoding="UTF-8"?>
<testsuite name="radio.ks3ckc.sstvaf.sstv.digital.DigitalSstvModeTest" tests="5" skipped="0" failures="0" errors="0" timestamp="2026-07-09T01:47:53" hostname="JIGGLEBILLY" time="0.009">
  <properties/>
  <testcase name="mode table is pinned" classname="radio.ks3ckc.sstvaf.sstv.digital.DigitalSstvModeTest" time="0.003"/>
  <testcase name="robustness ordering - deeper guard and interleave on robust modes" classname="radio.ks3ckc.sstvaf.sstv.digital.DigitalSstvModeTest" time="0.0"/>
  <testcase name="all mode param sets are structurally valid" classname="radio.ks3ckc.sstvaf.sstv.digital.DigitalSstvModeTest" time="0.0"/>
  <testcase name="short codes are unique" classname="radio.ks3ckc.sstvaf.sstv.digital.DigitalSstvModeTest" time="0.004"/>
  <testcase name="fromShortCode round trips and rejects unknown" classname="radio.ks3ckc.sstvaf.sstv.digital.DigitalSstvModeTest" time="0.001"/>
  <system-out><![CDATA[]]></system-out>
  <system-err><![CDATA[]]></system-err>
</testsuite>
