<?xml version="1.0" encoding="UTF-8"?>
<testsuite name="radio.ks3ckc.sstvaf.sstv.digital.OfdmModemTest" tests="6" skipped="0" failures="0" errors="0" timestamp="2026-07-09T01:47:53" hostname="JIGGLEBILLY" time="0.022">
  <properties/>
  <testcase name="timing sync locates the preamble after leading silence" classname="radio.ks3ckc.sstvaf.sstv.digital.OfdmModemTest" time="0.002"/>
  <testcase name="all robustness-mode param sets round trip cleanly" classname="radio.ks3ckc.sstvaf.sstv.digital.OfdmModemTest" time="0.003"/>
  <testcase name="modulated symbol is a real audio waveform in range" classname="radio.ks3ckc.sstvaf.sstv.digital.OfdmModemTest" time="0.001"/>
  <testcase name="clean channel round trip is bit-exact" classname="radio.ks3ckc.sstvaf.sstv.digital.OfdmModemTest" time="0.014"/>
  <testcase name="tolerates mild noise and multipath" classname="radio.ks3ckc.sstvaf.sstv.digital.OfdmModemTest" time="0.001"/>
  <testcase name="symbol geometry" classname="radio.ks3ckc.sstvaf.sstv.digital.OfdmModemTest" time="0.0"/>
  <system-out><![CDATA[]]></system-out>
  <system-err><![CDATA[]]></system-err>
</testsuite>
