<?xml version="1.0" encoding="UTF-8"?>
<testsuite name="radio.ks3ckc.sstvaf.sstv.digital.DigitalSstvContainerTest" tests="11" skipped="0" failures="0" errors="0" timestamp="2026-07-09T01:47:53" hostname="JIGGLEBILLY" time="0.032">
  <properties/>
  <testcase name="decodeFrame recovers all blocks and assemble validates CRC" classname="radio.ks3ckc.sstvaf.sstv.digital.DigitalSstvContainerTest" time="0.001"/>
  <testcase name="missingBlocks lists the gaps" classname="radio.ks3ckc.sstvaf.sstv.digital.DigitalSstvContainerTest" time="0.023"/>
  <testcase name="retransmit request round trips" classname="radio.ks3ckc.sstvaf.sstv.digital.DigitalSstvContainerTest" time="0.0"/>
  <testcase name="decodeHeader rejects garbage" classname="radio.ks3ckc.sstvaf.sstv.digital.DigitalSstvContainerTest" time="0.002"/>
  <testcase name="block round trips and rejects corruption beyond FEC" classname="radio.ks3ckc.sstvaf.sstv.digital.DigitalSstvContainerTest" time="0.001"/>
  <testcase name="subset frame carries only requested blocks" classname="radio.ks3ckc.sstvaf.sstv.digital.DigitalSstvContainerTest" time="0.001"/>
  <testcase name="assemble fails on missing block or CRC mismatch" classname="radio.ks3ckc.sstvaf.sstv.digital.DigitalSstvContainerTest" time="0.001"/>
  <testcase name="decodeHeader rejects payloadLen beyond the block span" classname="radio.ks3ckc.sstvaf.sstv.digital.DigitalSstvContainerTest" time="0.001"/>
  <testcase name="header round trips through FEC" classname="radio.ks3ckc.sstvaf.sstv.digital.DigitalSstvContainerTest" time="0.0"/>
  <testcase name="header FEC corrects byte errors" classname="radio.ks3ckc.sstvaf.sstv.digital.DigitalSstvContainerTest" time="0.001"/>
  <testcase name="last short block carries only the remaining bytes" classname="radio.ks3ckc.sstvaf.sstv.digital.DigitalSstvContainerTest" time="0.001"/>
  <system-out><![CDATA[]]></system-out>
  <system-err><![CDATA[]]></system-err>
</testsuite>
